INFO:     Started server process [36116]
INFO:     Waiting for application startup.
INFO:     Application startup complete.
INFO:     Uvicorn running on http://127.0.0.1:8000 (Press CTRL+C to quit)
Traceback (most recent call last):
  File "C:\Users\40902\Desktop\simuBoss\backend\app\services\graph_runner.py", line 505, in stream_execute
    result_text, deliverable = await self._run_worker_task(
                               ^^^^^^^^^^^^^^^^^^^^^^^^^^^^
    ...<4 lines>...
    )
    ^
  File "C:\Users\40902\Desktop\simuBoss\backend\app\services\graph_runner.py", line 307, in _run_worker_task
    render_ppt_from_json(payload, task.title or request.task)
    ~~~~~~~~~~~~~~~~~~~~^^^^^^^^^^^^^^^^^^^^^^^^^^^^^^^^^^^^^
  File "C:\Users\40902\Desktop\simuBoss\backend\app\services\ppt_renderer.py", line 130, in render_ppt_from_json
    _validate_content_payload(content_data)
    ~~~~~~~~~~~~~~~~~~~~~~~~~^^^^^^^^^^^^^^
  File "C:\Users\40902\Desktop\simuBoss\backend\app\services\ppt_renderer.py", line 105, in _validate_content_payload
    raise RuntimeError(f"Ек {index} вГЕФ items БиаыЪЧГЄЖШЮЊ 3 ЕФЪ§зщЁЃ")
RuntimeError: Ек 2 вГЕФ items БиаыЪЧГЄЖШЮЊ 3 ЕФЪ§зщЁЃ
Traceback (most recent call last):
  File "C:\Users\40902\Desktop\simuBoss\backend\app\services\graph_runner.py", line 505, in stream_execute
    result_text, deliverable = await self._run_worker_task(
                               ^^^^^^^^^^^^^^^^^^^^^^^^^^^^
    ...<4 lines>...
    )
    ^
  File "C:\Users\40902\Desktop\simuBoss\backend\app\services\graph_runner.py", line 307, in _run_worker_task
    render_ppt_from_json(payload, task.title or request.task)
    ~~~~~~~~~~~~~~~~~~~~^^^^^^^^^^^^^^^^^^^^^^^^^^^^^^^^^^^^^
  File "C:\Users\40902\Desktop\simuBoss\backend\app\services\ppt_renderer.py", line 130, in render_ppt_from_json
    _validate_content_payload(content_data)
    ~~~~~~~~~~~~~~~~~~~~~~~~~^^^^^^^^^^^^^^
  File "C:\Users\40902\Desktop\simuBoss\backend\app\services\ppt_renderer.py", line 94, in _validate_content_payload
    raise RuntimeError(f"Ек {index} вГЕФ steps БиаыЪЧГЄЖШЮЊ 3 ЕФЪ§зщЁЃ")
RuntimeError: Ек 8 вГЕФ steps БиаыЪЧГЄЖШЮЊ 3 ЕФЪ§зщЁЃ
Traceback (most recent call last):
  File "C:\Users\40902\Desktop\simuBoss\backend\app\services\graph_runner.py", line 505, in stream_execute
    else:
    
    ...<4 lines>...
            deliveries_by_task_id,
    
  File "C:\Users\40902\Desktop\simuBoss\backend\app\services\graph_runner.py", line 307, in _run_worker_task
    render_ppt_from_json(payload, task.title or request.task)
    ~~~~~~~~~~~~~~~~~~~~^^^^^^^^^^^^^^^^^^^^^^^^^^^^^^^^^^^^^
  File "C:\Users\40902\Desktop\simuBoss\backend\app\services\ppt_renderer.py", line 136, in render_ppt_from_json
  File "C:\Users\40902\Desktop\simuBoss\ppt\app.py", line 263, in generate
    print(f"\u2705 ЩњГЩГЩЙІЃК{output_path}ЃЌЙВ {total} вГ")
    ~~~~~^^^^^^^^^^^^^^^^^^^^^^^^^^^^^^^^^^^^^^^^^^^^^^
UnicodeEncodeError: 'gbk' codec can't encode character '\u2705' in position 0: illegal multibyte sequence
